<?xml version="1.0" encoding="UTF-8" ?>
<testsuite tests="1" failures="0" name="mang.test.AppTest" time="0.002" errors="0" skipped="0">
  <properties>
    <property name="java.runtime.name" value="Java(TM) SE Runtime Environment"/>
    <property name="sun.boot.library.path" value="c:\users\mang\WorkTools\java\jdk1.8.0_60_64\jre\bin"/>
    <property name="java.vm.version" value="25.60-b23"/>
    <property name="java.vm.vendor" value="Oracle Corporation"/>
    <property name="maven.multiModuleProjectDirectory" value="z:\work\code\mangMaven\mang"/>
    <property name="java.vendor.url" value="http://java.oracle.com/"/>
    <property name="path.separator" value=";"/>
    <property name="guice.disable.misplaced.annotation.check" value="true"/>
    <property name="java.vm.name" value="Java HotSpot(TM) 64-Bit Server VM"/>
    <property name="file.encoding.pkg" value="sun.io"/>
    <property name="user.script" value=""/>
    <property name="user.country" value="CN"/>
    <property name="sun.java.launcher" value="SUN_STANDARD"/>
    <property name="sun.os.patch.level" value="Service Pack 1"/>
    <property name="java.vm.specification.name" value="Java Virtual Machine Specification"/>
    <property name="user.dir" value="z:\work\code\mangMaven\mang"/>
    <property name="java.runtime.version" value="1.8.0_60-b27"/>
    <property name="java.awt.graphicsenv" value="sun.awt.Win32GraphicsEnvironment"/>
    <property name="java.endorsed.dirs" value="c:\users\mang\WorkTools\java\jdk1.8.0_60_64\jre\lib\endorsed"/>
    <property name="os.arch" value="amd64"/>
    <property name="java.io.tmpdir" value="C:\Users\mang\AppData\Local\Temp\"/>
    <property name="line.separator" value="
"/>
    <property name="java.vm.specification.vendor" value="Oracle Corporation"/>
    <property name="user.variant" value=""/>
    <property name="os.name" value="Windows 7"/>
    <property name="classworlds.conf" value="c:\Users\mang\WorkTools\maven\apache-maven-3.3.3\bin\..\bin\m2.conf"/>
    <property name="sun.jnu.encoding" value="GBK"/>
    <property name="java.library.path" value="c:\users\mang\WorkTools\java\jdk1.8.0_60_64\bin;C:\Windows\Sun\Java\bin;C:\Windows\system32;C:\Windows;c:\users\mang\WorkTools\java\jdk1.8.0_60_64\\bin;c:\users\mang\WorkTools\ZeroC\Ice-3.6.1\\bin;c:\users\mang\WorkTools\maven\apache-maven-3.3.3\/bin;c:\users\mang\WorkTools\Git\cmd\;C:\app\mang\product\11.2.0\dbhome_1\bin;C:\Program Files (x86)\Parallels\Parallels Tools\Applications;C:\Windows\system32;C:\Windows;C:\Windows\System32\Wbem;C:\Windows\System32\WindowsPowerShell\v1.0\;C:\users\mang\WorkTools\TortoiseGit\bin;C:\users\mang\WorkTools\TortoiseSVN\bin;C:\users\mang\WorkTools\nodejs\;c:\users\mang\WorkTools\graphviz-2.38\bin\;C:\Users\mang\AppData\Roaming\npm;;."/>
    <property name="java.specification.name" value="Java Platform API Specification"/>
    <property name="java.class.version" value="52.0"/>
    <property name="sun.management.compiler" value="HotSpot 64-Bit Tiered Compilers"/>
    <property name="os.version" value="6.1"/>
    <property name="user.home" value="C:\Users\mang"/>
    <property name="user.timezone" value="GMT+08:00"/>
    <property name="java.awt.printerjob" value="sun.awt.windows.WPrinterJob"/>
    <property name="java.specification.version" value="1.8"/>
    <property name="file.encoding" value="GBK"/>
    <property name="user.name" value="mang"/>
    <property name="java.class.path" value="c:\Users\mang\WorkTools\maven\apache-maven-3.3.3\bin\..\boot\plexus-classworlds-2.5.2.jar"/>
    <property name="java.vm.specification.version" value="1.8"/>
    <property name="sun.arch.data.model" value="64"/>
    <property name="java.home" value="c:\users\mang\WorkTools\java\jdk1.8.0_60_64\jre"/>
    <property name="sun.java.command" value="org.codehaus.plexus.classworlds.launcher.Launcher install"/>
    <property name="java.specification.vendor" value="Oracle Corporation"/>
    <property name="user.language" value="zh"/>
    <property name="awt.toolkit" value="sun.awt.windows.WToolkit"/>
    <property name="java.vm.info" value="mixed mode"/>
    <property name="java.version" value="1.8.0_60"/>
    <property name="java.ext.dirs" value="c:\users\mang\WorkTools\java\jdk1.8.0_60_64\jre\lib\ext;C:\Windows\Sun\Java\lib\ext"/>
    <property name="sun.boot.class.path" value="c:\users\mang\WorkTools\java\jdk1.8.0_60_64\jre\lib\resources.jar;c:\users\mang\WorkTools\java\jdk1.8.0_60_64\jre\lib\rt.jar;c:\users\mang\WorkTools\java\jdk1.8.0_60_64\jre\lib\sunrsasign.jar;c:\users\mang\WorkTools\java\jdk1.8.0_60_64\jre\lib\jsse.jar;c:\users\mang\WorkTools\java\jdk1.8.0_60_64\jre\lib\jce.jar;c:\users\mang\WorkTools\java\jdk1.8.0_60_64\jre\lib\charsets.jar;c:\users\mang\WorkTools\java\jdk1.8.0_60_64\jre\lib\jfr.jar;c:\users\mang\WorkTools\java\jdk1.8.0_60_64\jre\classes"/>
    <property name="sun.stderr.encoding" value="ms936"/>
    <property name="java.vendor" value="Oracle Corporation"/>
    <property name="maven.home" value="c:\Users\mang\WorkTools\maven\apache-maven-3.3.3\bin\.."/>
    <property name="file.separator" value="\"/>
    <property name="java.vendor.url.bug" value="http://bugreport.sun.com/bugreport/"/>
    <property name="sun.cpu.endian" value="little"/>
    <property name="sun.io.unicode.encoding" value="UnicodeLittle"/>
    <property name="sun.stdout.encoding" value="ms936"/>
    <property name="sun.desktop" value="windows"/>
    <property name="sun.cpu.isalist" value="amd64"/>
  </properties>
  <testcase classname="mang.test.AppTest" name="testApp" time="0.002"/>
</testsuite>